{'_id': ObjectId('65eb14cb2439b669d14a4a63'), 'message': 'gAAAAABl6xTKuuXqkI5_NQp-6ELOHfem60HytlNX4By4zFV8rW6OAHAZ_G0S-i-Hsi0RROqcK9wpAuaiR4xL_1znRoOVgpY4Tg=='}
{'_id': ObjectId('65eb14cf2439b669d14a4a64'), 'message': 'gAAAAABl6xTPNW1_p1es31ky3O8X2h8Vde6sUUYe6RVs4J5LrpRFnsSlYzM0Yseo4Bd-vQpvrBbpE9Zs-lN4Y9GOrgMr9R2bwQ=='}
{'_id': ObjectId('65eb14d42439b669d14a4a65'), 'message': 'gAAAAABl6xTUPM3ZYgg1hy5HHy1BxJnXYmJwhHEuHquNSgYUb3s0WkXTyyaKS46o3QWTw2sl9E_LljazfTUZR39EzzGC7wGrww=='}
{'_id': ObjectId('65eb14d92439b669d14a4a66'), 'message': 'gAAAAABl6xTZ9F9e0gLbNe8uEgUf9CeSGetuGa0yrtw_T1GB2Dd5GFJgDbg8nc99hH-Y9DWoYr3yU9j2CUgrRjJh1vaGR_UGFw=='}
{'_id': ObjectId('65eb14de2439b669d14a4a67'), 'message': 'gAAAAABl6xTeXQT6Gd4uBjspx0UP17lTzsFaabWFhMSoqYvyb-XLYzTTF4CZkQSjpSq6ggDWES6pW3fX8irB2GpgyMEDscsZpw=='}
{'_id': ObjectId('65eb14e32439b669d14a4a68'), 'message': 'gAAAAABl6xTjqBseMAREq1nvdaVD7k1N69wZniodvNRS-9JVCNutbg8ZKIOfErqf7yxUrbMazsUlzG_hqsVAwvhiX6YM0Yk56w=='}
{'_id': ObjectId('65eb14e82439b669d14a4a69'), 'message': 'gAAAAABl6xTod2MXjPwymDz6or85NWY4ZoFP9omfImQA-neRv5QfGB-r64bkksIaZGb4FE1mt-Zq9-lF0HvRBL4fb8GrpkCNag=='}
{'_id': ObjectId('65eb14ed2439b669d14a4a6a'), 'message': 'gAAAAABl6xTtH6ADfMa45gWE9aK065SUpizaES04hSbdz6_oxlPr9ewL1lRBtPDXZRDuJOim1-VTJq9k7upT1hzKjirwBDMMnQ=='}
{'_id': ObjectId('65eb14f22439b669d14a4a6b'), 'message': 'gAAAAABl6xTyUIXwjjVsL-VwVDk-y1ol5xJUwX1kJ3cyeuw29HQN_ygzsjPqajfLPqLVt2fxIz3v2h0U2fB2tivu79y-0Dl4Gw=='}
{'_id': ObjectId('65eb14f72439b669d14a4a6c'), 'message': 'gAAAAABl6xT3gqw3rMhYXTMNwS0yHj4DKXtQSdozM4JZgGmEMP9mP3mB-F7qUhKi9aK129M7s5pLkILrL-gDVnHAWERaUd0OLA=='}
{'_id': ObjectId('65eb14fc2439b669d14a4a6d'), 'message': 'gAAAAABl6xT8cRhgTFe1A6gQMlNBffibGmjm0EiFX6rlwqedW2vHYWVRZa0HiJkPyvT9esXt35MW90fzfTSyF_xBwiM7bd5phw=='}
{'_id': ObjectId('65eb15012439b669d14a4a6e'), 'message': 'gAAAAABl6xUB2zgoGfdXck4pVYpBDwM67NTmXkLQBa3wbq8aX0N8_K7WiqMl6Ht5MlSUyfdr7pOhL9zUXMcQ9SdQ8-CQHr6SdM-EoSRJ6l6IvV1EkKsjrRk='}
{'_id': ObjectId('65eb15062439b669d14a4a6f'), 'message': 'gAAAAABl6xUGA51xpcGCJ7xMMqkcC5BBrLT-lpCWSiUzR_f4GO4479UKKgBpiBUlI0-NwPHVXJ5niUaqrU8XPs2KKTPmtC-K8w=='}
{'_id': ObjectId('65eb150b2439b669d14a4a70'), 'message': 'gAAAAABl6xULLD3Y5QWUGjmAvoyH-Zi40hxxlOsgZTBvo7KhW5DfPoo_dE3lB9_IHvmX6fICgdnoGFunY5UCiibcAZyan6Xwjg=='}
{'_id': ObjectId('65eb1527c4148678c8761247'), 'message': 'gAAAAABl6xUn250rCU7kKvU-ucB7sJ7oI_XnmBLmXH7v18Lp6R6Ff4fjXNW0Qos0UHvbvfrVhDgMazlj-KP1qABqzjK3Uhe-Gg=='}
{'_id': ObjectId('65eb152cc4148678c8761248'), 'message': 'gAAAAABl6xUsi2spvJpvnClzf8CqpAlMmjHxUg8upPZYh7jcS6F1ntqR7dFXp6qMFNL5bpYqmDxC9dqb33WpDtOsXs0wELdrkQ=='}
{'_id': ObjectId('65eb1531c4148678c8761249'), 'message': 'gAAAAABl6xUxp59JkyE_l3kr51Lf56_leRhADNWoqzeN04HRxE4ZMpe_F6AxpnpHcgWoHEh5XkbT9r_b9a6QeCgw6lmOP_nhpg=='}
{'_id': ObjectId('65eb1536c4148678c876124a'), 'message': 'gAAAAABl6xU2lKPsK0BZBgK0-fXKmwi1R-jBl5-UnKkNCh-ASDPQB6SwF9I7q3jmpMipmRLmzeQNDbQSzU7M5X5801wMlK2kpQ=='}
{'_id': ObjectId('65eb153bc4148678c876124b'), 'message': 'gAAAAABl6xU73CibnBwZNQpJE1JweqyHH8wNci6SEopJUxd9M4ktjbTjc4nbgo7gJXM-lyqmzr6PREk7WRQtuUkike9XoB625g=='}
{'_id': ObjectId('65eb1540c4148678c876124c'), 'message': 'gAAAAABl6xVA16hccg62hvC7nSYDQW4Rpyn3R24709htQxjCBMDdPAzTVY05K4uzTrl-B5Iuzyv1SD-w3vKzBzUf5wK6pU9Ihw=='}
{'_id': ObjectId('65eb1545c4148678c876124d'), 'message': 'gAAAAABl6xVFDo2OlQU94GEvhiux_XLfx-EkMbUP2SBTXbN315A7AVj-WfskV2aidu51A7O3px0kUupIlWPATHqH_8p2ZWkiTA=='}
{'_id': ObjectId('65eb154ac4148678c876124e'), 'message': 'gAAAAABl6xVK0PgX9E89UBjMaUdrJsC6GZJChZRfRGZHQIah0jhJ1aDwtdGhqfrh2vKfU6pEMy93CUXtaonK_4UIsSibpzvFRg=='}
{'_id': ObjectId('65eb18a486c30c7e84412244'), 'message': 'gAAAAABl6xik1x08ZobLROrOXmac3xe8On89i94304vYsyni96iCBxz_xfdjqg9OlKha42dM5mNiypb5YRhPFqYi7wGaBJvprQ=='}
