{'_id': ObjectId('6630a2de17a5bc4548ee4dbc'), 'message': 'gAAAAABmMKLeqTxCt9sgDw0yUR-QGcq6TmcHJzZPlM2IPKabbbfbk0iB_f-PyXurTRc6XAftShY6JdX0MG8uSnu11I-yRDYvsg=='}
{'_id': ObjectId('6630a2df17a5bc4548ee4dbd'), 'message': 'gAAAAABmMKLf2cY-dDtkxb2YXf4wQ-Q0kBhWx9KZ9TU1Tk6I_NRPVepPJkdh1m-suO8dsxZWbKV3rVkA8TbasX9SxToQGqdNKw=='}
{'_id': ObjectId('6630a2e317a5bc4548ee4dbe'), 'message': 'gAAAAABmMKLjVpaYsJfKhImv_qA_1uOAXtGhN0prXuqoJmWehCU0gN87LbsWQbkblIEHXBVKRDniA8CdHOP5BkAHizmyZyVSRQ=='}
{'_id': ObjectId('6630a2e417a5bc4548ee4dbf'), 'message': 'gAAAAABmMKLkwpBsGRbYbDUXzm6Cf_NBOSSghZjUdiNi-glU-kLN3G9pnOfdUmyHn29xnUiYcaw9LhGosxMQPGIf81Ppirhjzg=='}
{'_id': ObjectId('6630a2e817a5bc4548ee4dc0'), 'message': 'gAAAAABmMKLo5kDDBFRLrffeYm988Kj7Ps1Vx5v339GH4Z4sMYV0fiwt0Ug2150DAWebDPwUTAaIdXi2jubE6mpJfq_1Xh1LAg=='}
{'_id': ObjectId('6630a2e917a5bc4548ee4dc1'), 'message': 'gAAAAABmMKLp_FI7jBgM8-iJchnTnU-JlCSUAvSqLgXXgIWvksyTejDIu8wIgYW2UBa-rydU6nVfyVRuwjcW_lt4mu_sbx_BYA=='}
{'_id': ObjectId('6630a2ed17a5bc4548ee4dc2'), 'message': 'gAAAAABmMKLt5OIUmHZKGhPjr6RJfCWp0TobxWTEJDKP_uShPeoFSQDXguR7TYkxsdHOXe8yA1IdXAYxtASgbMiD4rT4Kw2CZA=='}
{'_id': ObjectId('6630a2ee17a5bc4548ee4dc3'), 'message': 'gAAAAABmMKLu5aVukhQTPjPO9tltAl1V61vyIffpAuLTkkbMkr9Fc3c1aRv_9ZzZTiEQdhIrzomQS5DteLlUL1VTRixzYkhZog=='}
{'_id': ObjectId('6630a2f217a5bc4548ee4dc4'), 'message': 'gAAAAABmMKLyALjHU8mKqvaZpviE9Y_S6SGbOL3h7dHY7SsVoFaq6TcAxaeCf6wtIsK8wxGSPLX2wwFHcs5SWSRyoEosuB6v5A=='}
{'_id': ObjectId('6630a2f317a5bc4548ee4dc5'), 'message': 'gAAAAABmMKLzJXLreb2q-sGzt8hjqNKJnc7o-nj-p1W7InVT2FIEH9YDLQz86H70VRIGVxAc1Qcdcsb1WHhvtQ98LdCZ0mOtJw=='}
{'_id': ObjectId('6630a2f717a5bc4548ee4dc6'), 'message': 'gAAAAABmMKL3VjD7x6obeqOx8f8G1rMllysnF1Ur5jmtCGA2xmJlqHswS7kXRsNUXuGE_jZxQXcvvHufIkcLsmKJxlcCvvKJfw=='}
{'_id': ObjectId('6630a2f817a5bc4548ee4dc7'), 'message': 'gAAAAABmMKL4DVQrkh8V0JzFPBhMlWvj-s560UmAYFCB5NQPT3QXhaA7ILarwUjraU3SlWfJ3En4lxG16OkYU5DaHHRl4Di8kg=='}
{'_id': ObjectId('6630a2fc17a5bc4548ee4dc8'), 'message': 'gAAAAABmMKL8Fvq5F-2Ri09DlJiTa7YjAT13nY7weWGEKL171U5mr0eW7isCSSV11eh5bp6u4NjtIImiSfNmWB04TlVSOG8wlQ=='}
{'_id': ObjectId('6630a2fd17a5bc4548ee4dc9'), 'message': 'gAAAAABmMKL9LH_htOZFGIiRZSofI2DSqHhrbq-_n2kiJpmjkUkPynRoDB-xLbappne_HR2JpKp5UhZUmN50ZLfrZVctDYONzQ=='}
{'_id': ObjectId('6630a30117a5bc4548ee4dca'), 'message': 'gAAAAABmMKMBf_ESDlK4YDzJwQCwuQmHD4gRPOZYM9R3Hhn14x96khXmVqoVkTQBm0vC7rjJGV-8fnuSUGarcKBykn7MeNWhrw=='}
{'_id': ObjectId('6630a30217a5bc4548ee4dcb'), 'message': 'gAAAAABmMKMCJFgiRHtJ6H3utk2AUbeb9VlI-Pj8FSffyVNsL4HJPTKQ-4xT6kMqnul6MBoA69Qmt5WTfplTW1QmzPFnVe9v1g=='}
{'_id': ObjectId('6630a30617a5bc4548ee4dcc'), 'message': 'gAAAAABmMKMGHB4xNmvfCP_CV5h-ZysHyNAcnzpZ-v9MTMqwTv6VytkHaG-NUI1hok41nydp1p4DZ95_eOfdGUVJt-c-QmLekw=='}
{'_id': ObjectId('6630a30717a5bc4548ee4dcd'), 'message': 'gAAAAABmMKMHUx4xFtHo8JyUsdm1cmOs7BP16g_hpyHvSRqTayQKYXxLR9_HTUc-kK9FBEoKyqDVAlNEe3ZyeuR6B1a57_bEGA=='}
{'_id': ObjectId('6630a30b17a5bc4548ee4dce'), 'message': 'gAAAAABmMKML8VPp2KdiXvfvKO4XzkGtGicjHbaonyc8o9NMaA432OTq0yjoacKyYhR59HcIagCBvdHL7FBgvV0kNPDmBwk_9Q=='}
{'_id': ObjectId('6630a30c17a5bc4548ee4dcf'), 'message': 'gAAAAABmMKMMXKlS9jM4JpHda7ex2dlsAr6DpdiXg5KNAEVu7xENJxMCdft0OuMpGRS8L9f5JECO4NZG-B4NDiRFY7ttNzykJg=='}
